{
  "stats": {
    "suites": 1,
    "tests": 10,
    "passes": 10,
    "pending": 0,
    "failures": 0,
    "start": "2023-11-14T09:24:20.980Z",
    "end": "2023-11-14T09:25:54.388Z",
    "duration": 93408,
    "testsRegistered": 10,
    "passPercent": 100,
    "pendingPercent": 0,
    "other": 0,
    "hasOther": false,
    "skipped": 0,
    "hasSkipped": false
  },
  "results": [
    {
      "uuid": "d9935ba7-118f-4cbb-a6d9-5377a8622080",
      "title": "",
      "fullFile": "cypress\\e2e\\user-can-login.cy.js",
      "file": "cypress\\e2e\\user-can-login.cy.js",
      "beforeHooks": [],
      "afterHooks": [],
      "tests": [],
      "suites": [
        {
          "uuid": "94700ccd-5fcb-4d99-851b-5fbfb835dfac",
          "title": "User can login to system",
          "fullFile": "",
          "file": "",
          "beforeHooks": [],
          "afterHooks": [],
          "tests": [
            {
              "title": "user can login with valid username and password",
              "fullTitle": "User can login to system user can login with valid username and password",
              "timedOut": null,
              "duration": 17878,
              "state": "passed",
              "speed": "slow",
              "pass": true,
              "fail": false,
              "pending": false,
              "context": "\"../videos/user-can-login.cy.js.mp4\"",
              "code": "// arrange\ncy.visit(\"http://localhost:8000/\");\n// act\n// select element html yang dibutuhkan\n// kalau sudah dapat element-nya mau diapakan?\ncy.get(\":nth-child(2) > .form-control\").type(\"superadmin@gmail.com\");\n// select element html yang dibutuhkan\n// kalau sudah dapat element-nya mau diapakan?\ncy.get(\":nth-child(3) > .form-control\").type(\"password\");\n// click button\ncy.get(\".btn\").click();\n// assert\n// select element html yang dibutuhkan\n// lakukan assertion sesuai test case\ncy.get(\".nav-link > .d-sm-none\").should(\"have.text\", \"Hi, SuperAdmin\\n                            \");",
              "err": {},
              "uuid": "3a761aaa-d0c1-47bd-b4ae-c549b2d412b6",
              "parentUUID": "94700ccd-5fcb-4d99-851b-5fbfb835dfac",
              "isHook": false,
              "skipped": false
            },
            {
              "title": "user cannot login with valid username and wrong password",
              "fullTitle": "User can login to system user cannot login with valid username and wrong password",
              "timedOut": null,
              "duration": 7121,
              "state": "passed",
              "speed": "medium",
              "pass": true,
              "fail": false,
              "pending": false,
              "context": "\"../videos/user-can-login.cy.js.mp4\"",
              "code": "// arrange\ncy.visit(\"http://localhost:8000/\");\n// act\ncy.get(\":nth-child(2) > .form-control\").type(\"superadmin@gmail.com\");\ncy.get(\":nth-child(3) > .form-control\").type(\"password-salah\");\ncy.get(\".btn\").click();\n// assert\ncy.get(\".invalid-feedback\").should(\"have.text\", \"These credentials do not match our records.\");",
              "err": {},
              "uuid": "912c028f-878a-4049-ae79-826e9f7c8ac8",
              "parentUUID": "94700ccd-5fcb-4d99-851b-5fbfb835dfac",
              "isHook": false,
              "skipped": false
            },
            {
              "title": "user cannot login with invalid username and valid password",
              "fullTitle": "User can login to system user cannot login with invalid username and valid password",
              "timedOut": null,
              "duration": 7062,
              "state": "passed",
              "speed": "medium",
              "pass": true,
              "fail": false,
              "pending": false,
              "context": "\"../videos/user-can-login.cy.js.mp4\"",
              "code": "// arrange\ncy.visit(\"http://localhost:8000/\");\n// act\ncy.get(\":nth-child(2) > .form-control\").type(\"superadminadasda@gmail.com\");\ncy.get(\":nth-child(3) > .form-control\").type(\"password\");\ncy.get(\".btn\").click();\n// assert\ncy.get(\".invalid-feedback\").should(\"have.text\", \"These credentials do not match our records.\");",
              "err": {},
              "uuid": "a0b153ca-8e44-4534-a79c-bf05d37b89ed",
              "parentUUID": "94700ccd-5fcb-4d99-851b-5fbfb835dfac",
              "isHook": false,
              "skipped": false
            },
            {
              "title": "user cannot login with empty username and correct password",
              "fullTitle": "User can login to system user cannot login with empty username and correct password",
              "timedOut": null,
              "duration": 5846,
              "state": "passed",
              "speed": "medium",
              "pass": true,
              "fail": false,
              "pending": false,
              "context": "\"../videos/user-can-login.cy.js.mp4\"",
              "code": "// arrange\ncy.visit(\"http://localhost:8000/\");\n// act\ncy.get(\":nth-child(2) > .form-control\");\ncy.get(\":nth-child(3) > .form-control\").type(\"password\");\ncy.get(\".btn\").click();\n// assert\ncy.get(\".invalid-feedback\").should(\"have.text\", \"The email field is required.\");",
              "err": {},
              "uuid": "264b5bbb-8551-4f0c-9910-5a1170cf0c14",
              "parentUUID": "94700ccd-5fcb-4d99-851b-5fbfb835dfac",
              "isHook": false,
              "skipped": false
            },
            {
              "title": "user cannot login with correct username and empty password",
              "fullTitle": "User can login to system user cannot login with correct username and empty password",
              "timedOut": null,
              "duration": 6460,
              "state": "passed",
              "speed": "medium",
              "pass": true,
              "fail": false,
              "pending": false,
              "context": "\"../videos/user-can-login.cy.js.mp4\"",
              "code": "// arrange\ncy.visit(\"http://localhost:8000/\");\n// act\ncy.get(\":nth-child(2) > .form-control\").type(\"superadmin@gmail.com\");\ncy.get(\":nth-child(3) > .form-control\");\ncy.get(\".btn\").click();\n// assert\ncy.get(\".invalid-feedback\").should(\"have.text\", \"The password field is required.\");",
              "err": {},
              "uuid": "f0232642-9ab3-4b9b-b328-3f5314afe8be",
              "parentUUID": "94700ccd-5fcb-4d99-851b-5fbfb835dfac",
              "isHook": false,
              "skipped": false
            },
            {
              "title": "user cannot login with invalid username and invalid password",
              "fullTitle": "User can login to system user cannot login with invalid username and invalid password",
              "timedOut": null,
              "duration": 7068,
              "state": "passed",
              "speed": "medium",
              "pass": true,
              "fail": false,
              "pending": false,
              "context": "\"../videos/user-can-login.cy.js.mp4\"",
              "code": "// arrange\ncy.visit(\"http://localhost:8000/\");\n// act\ncy.get(\":nth-child(2) > .form-control\").type(\"superadminada@gmail.com\");\ncy.get(\":nth-child(3) > .form-control\").type(\"password-salah\");\ncy.get(\".btn\").click();\n// assert\ncy.get(\".invalid-feedback\").should(\"have.text\", \"These credentials do not match our records.\");",
              "err": {},
              "uuid": "18e665ef-f3b8-4756-8f6e-8908a78925fd",
              "parentUUID": "94700ccd-5fcb-4d99-851b-5fbfb835dfac",
              "isHook": false,
              "skipped": false
            },
            {
              "title": "user cannot login with empty username and empty password",
              "fullTitle": "User can login to system user cannot login with empty username and empty password",
              "timedOut": null,
              "duration": 6429,
              "state": "passed",
              "speed": "medium",
              "pass": true,
              "fail": false,
              "pending": false,
              "context": "\"../videos/user-can-login.cy.js.mp4\"",
              "code": "// arrange\ncy.visit(\"http://localhost:8000/\");\n// act\ncy.get(\":nth-child(2) > .form-control\");\ncy.get(\":nth-child(3) > .form-control\");\ncy.get(\".btn\").click();\n// assert\ncy.get(\":nth-child(2) > .invalid-feedback\").should(\"have.text\", \"The email field is required.\");\ncy.get(\":nth-child(3) > .invalid-feedback\").should(\"have.text\", \"The password field is required.\");",
              "err": {},
              "uuid": "31a27f16-5e3e-4ce0-a406-bb7c65b43cdb",
              "parentUUID": "94700ccd-5fcb-4d99-851b-5fbfb835dfac",
              "isHook": false,
              "skipped": false
            },
            {
              "title": "user cannot login with invalid username and empty password",
              "fullTitle": "User can login to system user cannot login with invalid username and empty password",
              "timedOut": null,
              "duration": 6965,
              "state": "passed",
              "speed": "medium",
              "pass": true,
              "fail": false,
              "pending": false,
              "context": "\"../videos/user-can-login.cy.js.mp4\"",
              "code": "// arrange\ncy.visit(\"http://localhost:8000/\");\n// act\ncy.get(\":nth-child(2) > .form-control\").type(\"superadminada@gmail.com\");\ncy.get(\":nth-child(3) > .form-control\");\ncy.get(\".btn\").click();\n// assert\ncy.get(\".invalid-feedback\").should(\"have.text\", \"The password field is required.\");",
              "err": {},
              "uuid": "f01a2d9a-96ad-4d6d-b342-987dd7ea32bd",
              "parentUUID": "94700ccd-5fcb-4d99-851b-5fbfb835dfac",
              "isHook": false,
              "skipped": false
            },
            {
              "title": "user cannot login with empty username and invalid password",
              "fullTitle": "User can login to system user cannot login with empty username and invalid password",
              "timedOut": null,
              "duration": 6745,
              "state": "passed",
              "speed": "medium",
              "pass": true,
              "fail": false,
              "pending": false,
              "context": "\"../videos/user-can-login.cy.js.mp4\"",
              "code": "// arrange\ncy.visit(\"http://localhost:8000/\");\n// act\ncy.get(\":nth-child(2) > .form-control\");\ncy.get(\":nth-child(3) > .form-control\").type(\"password-salah\");\ncy.get(\".btn\").click();\n// assert\ncy.get(\".invalid-feedback\").should(\"have.text\", \"The email field is required.\");",
              "err": {},
              "uuid": "34755aa4-4653-401a-9cef-ee0df73d2445",
              "parentUUID": "94700ccd-5fcb-4d99-851b-5fbfb835dfac",
              "isHook": false,
              "skipped": false
            },
            {
              "title": "user can login with valid username and password (2)",
              "fullTitle": "User can login to system user can login with valid username and password (2)",
              "timedOut": null,
              "duration": 12253,
              "state": "passed",
              "speed": "slow",
              "pass": true,
              "fail": false,
              "pending": false,
              "context": "\"../videos/user-can-login.cy.js.mp4\"",
              "code": "// arrange\ncy.visit(\"http://localhost:8000/\");\n// act\n//cy.get('[data-id=\"email\"]').type(\"superadmin@gmail.com\");\n//cy.get('[data-id=\"password\"]').type(\"password\");\n//cy.get('[data-id=\"submit\"]').click();\n// assert\n//cy.get('[data-id=\"username\"]').click();\n//cy.get('[data-id=\"logout-btn\"]').click();\n/* ==== Generated with Cypress Studio ==== */\ncy.get(\":nth-child(2) > .form-control\").type(\"superadmin@gmail.com\");\ncy.get(\":nth-child(3) > .form-control\").type(\"password\");\ncy.get(\".btn\").click();\ncy.get(\".nav-link > .d-sm-none\").click();\ncy.get(\".text-danger\").click();\n/* ==== End Cypress Studio ==== */",
              "err": {},
              "uuid": "9522c6a0-6ee0-41cd-88df-889fb8fd2958",
              "parentUUID": "94700ccd-5fcb-4d99-851b-5fbfb835dfac",
              "isHook": false,
              "skipped": false
            }
          ],
          "suites": [],
          "passes": [
            "3a761aaa-d0c1-47bd-b4ae-c549b2d412b6",
            "912c028f-878a-4049-ae79-826e9f7c8ac8",
            "a0b153ca-8e44-4534-a79c-bf05d37b89ed",
            "264b5bbb-8551-4f0c-9910-5a1170cf0c14",
            "f0232642-9ab3-4b9b-b328-3f5314afe8be",
            "18e665ef-f3b8-4756-8f6e-8908a78925fd",
            "31a27f16-5e3e-4ce0-a406-bb7c65b43cdb",
            "f01a2d9a-96ad-4d6d-b342-987dd7ea32bd",
            "34755aa4-4653-401a-9cef-ee0df73d2445",
            "9522c6a0-6ee0-41cd-88df-889fb8fd2958"
          ],
          "failures": [],
          "pending": [],
          "skipped": [],
          "duration": 83827,
          "root": false,
          "rootEmpty": false,
          "_timeout": 2000
        }
      ],
      "passes": [],
      "failures": [],
      "pending": [],
      "skipped": [],
      "duration": 0,
      "root": true,
      "rootEmpty": true,
      "_timeout": 2000
    }
  ],
  "meta": {
    "mocha": {
      "version": "7.0.1"
    },
    "mochawesome": {
      "options": {
        "quiet": false,
        "reportFilename": "[name].html",
        "saveHtml": true,
        "saveJson": true,
        "consoleReporter": "spec",
        "useInlineDiffs": false,
        "code": true
      },
      "version": "7.1.3"
    },
    "marge": {
      "options": {
        "useInlineDiffs": true,
        "embeddedScreenshots": true,
        "reportDir": "cypress/results",
        "reportFilename": "[name].html",
        "overwrite": true,
        "html": true,
        "json": true
      },
      "version": "6.2.0"
    }
  }
}