{
  "stats": {
    "suites": 1,
    "tests": 3,
    "passes": 3,
    "pending": 0,
    "failures": 0,
    "start": "2023-11-14T09:19:09.519Z",
    "end": "2023-11-14T09:22:20.087Z",
    "duration": 190568,
    "testsRegistered": 3,
    "passPercent": 100,
    "pendingPercent": 0,
    "other": 0,
    "hasOther": false,
    "skipped": 0,
    "hasSkipped": false
  },
  "results": [
    {
      "uuid": "eb4fc6b9-30e4-480d-b6bd-73ee8cce059a",
      "title": "",
      "fullFile": "cypress\\e2e\\user-can-delete-data.cy.js",
      "file": "cypress\\e2e\\user-can-delete-data.cy.js",
      "beforeHooks": [],
      "afterHooks": [],
      "tests": [],
      "suites": [
        {
          "uuid": "6729fb81-9d87-40c2-b2fe-266bb83ea291",
          "title": "template spec",
          "fullFile": "",
          "file": "",
          "beforeHooks": [],
          "afterHooks": [],
          "tests": [
            {
              "title": "User can delete data",
              "fullTitle": "template spec User can delete data",
              "timedOut": null,
              "duration": 54604,
              "state": "passed",
              "speed": "slow",
              "pass": true,
              "fail": false,
              "pending": false,
              "context": "\"../videos/user-can-delete-data.cy.js.mp4\"",
              "code": "cy.get(\".table td\").contains(\"user\").parent().find(\"button\").contains(\"Delete\").click();\n// make sure sweet alert visible\ncy.get(\".swal-button-container\").find(\"button\").contains(\"OK\").click();\ncy.get(\".alert\").should(\"be.visible\").and(\"have.class\", \"alert-success\").contains(\"User Deleted Successfully\");\ncy.get(\".table\").should(\"not.have.text\", \"user\");",
              "err": {},
              "uuid": "6cab9b9f-62be-476b-b4cc-4fb7ae838907",
              "parentUUID": "6729fb81-9d87-40c2-b2fe-266bb83ea291",
              "isHook": false,
              "skipped": false
            },
            {
              "title": "User can cancel delete data",
              "fullTitle": "template spec User can cancel delete data",
              "timedOut": null,
              "duration": 45613,
              "state": "passed",
              "speed": "slow",
              "pass": true,
              "fail": false,
              "pending": false,
              "context": "\"../videos/user-can-delete-data.cy.js.mp4\"",
              "code": "// arrange\n// act\ncy.get(\".table td\").contains(\"user\").parent().find(\"button\").contains(\"Delete\").click();\n// make sure sweet alert visible\ncy.get(\".swal-button-container\").find(\"button\").contains(\"Cancel\").click();\n// assert\ncy.get(\".table td\").contains(\"user\").should(\"be.visible\");",
              "err": {},
              "uuid": "b966e5a1-fbb9-4a01-b51c-5dccc9f7b9c0",
              "parentUUID": "6729fb81-9d87-40c2-b2fe-266bb83ea291",
              "isHook": false,
              "skipped": false
            },
            {
              "title": "dummy test",
              "fullTitle": "template spec dummy test",
              "timedOut": null,
              "duration": 44621,
              "state": "passed",
              "speed": "slow",
              "pass": true,
              "fail": false,
              "pending": false,
              "context": "\"../videos/user-can-delete-data.cy.js.mp4\"",
              "code": "// arrange\n// act\n// assert",
              "err": {},
              "uuid": "34ed0f8c-db84-44b8-91a7-13d0f428641c",
              "parentUUID": "6729fb81-9d87-40c2-b2fe-266bb83ea291",
              "isHook": false,
              "skipped": false
            }
          ],
          "suites": [],
          "passes": [
            "6cab9b9f-62be-476b-b4cc-4fb7ae838907",
            "b966e5a1-fbb9-4a01-b51c-5dccc9f7b9c0",
            "34ed0f8c-db84-44b8-91a7-13d0f428641c"
          ],
          "failures": [],
          "pending": [],
          "skipped": [],
          "duration": 144838,
          "root": false,
          "rootEmpty": false,
          "_timeout": 2000
        }
      ],
      "passes": [],
      "failures": [],
      "pending": [],
      "skipped": [],
      "duration": 0,
      "root": true,
      "rootEmpty": true,
      "_timeout": 2000
    }
  ],
  "meta": {
    "mocha": {
      "version": "7.0.1"
    },
    "mochawesome": {
      "options": {
        "quiet": false,
        "reportFilename": "[name].html",
        "saveHtml": true,
        "saveJson": true,
        "consoleReporter": "spec",
        "useInlineDiffs": false,
        "code": true
      },
      "version": "7.1.3"
    },
    "marge": {
      "options": {
        "useInlineDiffs": true,
        "embeddedScreenshots": true,
        "reportDir": "cypress/results",
        "reportFilename": "[name].html",
        "overwrite": true,
        "html": true,
        "json": true
      },
      "version": "6.2.0"
    }
  }
}