{
  "stats": {
    "suites": 1,
    "tests": 1,
    "passes": 1,
    "pending": 0,
    "failures": 0,
    "start": "2023-11-14T09:22:28.282Z",
    "end": "2023-11-14T09:24:12.839Z",
    "duration": 104557,
    "testsRegistered": 1,
    "passPercent": 100,
    "pendingPercent": 0,
    "other": 0,
    "hasOther": false,
    "skipped": 0,
    "hasSkipped": false
  },
  "results": [
    {
      "uuid": "0d9e4485-fe12-42f7-8308-2f09e02d7b8a",
      "title": "",
      "fullFile": "cypress\\e2e\\user-can-edit-existing-data.cy.js",
      "file": "cypress\\e2e\\user-can-edit-existing-data.cy.js",
      "beforeHooks": [],
      "afterHooks": [],
      "tests": [],
      "suites": [
        {
          "uuid": "f3897e13-9da6-45d1-afd1-f5e8a4f59bbc",
          "title": "User Can Edit Existing Data",
          "fullFile": "",
          "file": "",
          "beforeHooks": [],
          "afterHooks": [],
          "tests": [
            {
              "title": "User cannot edit data with all blank fields",
              "fullTitle": "User Can Edit Existing Data User cannot edit data with all blank fields",
              "timedOut": null,
              "duration": 59568,
              "state": "passed",
              "speed": "slow",
              "pass": true,
              "fail": false,
              "pending": false,
              "context": "\"../videos/user-can-edit-existing-data.cy.js.mp4\"",
              "code": "cy.get(\".table td\").contains(\"user\").parent().find(\"a\").contains(\"Edit\").click();\ncy.get(\"#name\").clear(\"user \");\ncy.get(\"#email\").clear(\"user \");\ncy.get(\".btn-primary\").contains(\"Submit\").click();\ncy.get(\"#name\").next().should(\"be.visible\").and(\"have.class\", \"invalid-feedback\").and(\"contain\", \"The name field is required.\");\ncy.get(\"#email\").next().should(\"be.visible\").and(\"have.class\", \"invalid-feedback\").and(\"contain\", \"The email field is required.\");",
              "err": {},
              "uuid": "786bad21-a5f3-4da1-9075-2cdd4b39157e",
              "parentUUID": "f3897e13-9da6-45d1-afd1-f5e8a4f59bbc",
              "isHook": false,
              "skipped": false
            }
          ],
          "suites": [],
          "passes": [
            "786bad21-a5f3-4da1-9075-2cdd4b39157e"
          ],
          "failures": [],
          "pending": [],
          "skipped": [],
          "duration": 59568,
          "root": false,
          "rootEmpty": false,
          "_timeout": 2000
        }
      ],
      "passes": [],
      "failures": [],
      "pending": [],
      "skipped": [],
      "duration": 0,
      "root": true,
      "rootEmpty": true,
      "_timeout": 2000
    }
  ],
  "meta": {
    "mocha": {
      "version": "7.0.1"
    },
    "mochawesome": {
      "options": {
        "quiet": false,
        "reportFilename": "[name].html",
        "saveHtml": true,
        "saveJson": true,
        "consoleReporter": "spec",
        "useInlineDiffs": false,
        "code": true
      },
      "version": "7.1.3"
    },
    "marge": {
      "options": {
        "useInlineDiffs": true,
        "embeddedScreenshots": true,
        "reportDir": "cypress/results",
        "reportFilename": "[name].html",
        "overwrite": true,
        "html": true,
        "json": true
      },
      "version": "6.2.0"
    }
  }
}