{
  "stats": {
    "suites": 1,
    "tests": 1,
    "passes": 1,
    "pending": 0,
    "failures": 0,
    "start": "2023-11-14T08:17:03.395Z",
    "end": "2023-11-14T08:17:15.602Z",
    "duration": 12207,
    "testsRegistered": 1,
    "passPercent": 100,
    "pendingPercent": 0,
    "other": 0,
    "hasOther": false,
    "skipped": 0,
    "hasSkipped": false
  },
  "results": [
    {
      "uuid": "cfe18465-a1b2-4caf-a056-3918cce2e419",
      "title": "",
      "fullFile": "cypress\\e2e\\user-can-open-login-page.cy.js",
      "file": "cypress\\e2e\\user-can-open-login-page.cy.js",
      "beforeHooks": [],
      "afterHooks": [],
      "tests": [],
      "suites": [
        {
          "uuid": "6cdce7eb-dd7b-46ff-b3da-5b994d2e6f40",
          "title": "User Can Open Login Page",
          "fullFile": "",
          "file": "",
          "beforeHooks": [],
          "afterHooks": [],
          "tests": [
            {
              "title": "User can open login page",
              "fullTitle": "User Can Open Login Page User can open login page",
              "timedOut": null,
              "duration": 5476,
              "state": "passed",
              "speed": "medium",
              "pass": true,
              "fail": false,
              "pending": false,
              "context": null,
              "code": "cy.visit(\"http://localhost:8000\");\ncy.get(\"h4\").should(\"have.text\", \"Login\");",
              "err": {},
              "uuid": "9d6952ae-97f9-4ab8-ac29-56dfbbd83f4c",
              "parentUUID": "6cdce7eb-dd7b-46ff-b3da-5b994d2e6f40",
              "isHook": false,
              "skipped": false
            }
          ],
          "suites": [],
          "passes": [
            "9d6952ae-97f9-4ab8-ac29-56dfbbd83f4c"
          ],
          "failures": [],
          "pending": [],
          "skipped": [],
          "duration": 5476,
          "root": false,
          "rootEmpty": false,
          "_timeout": 2000
        }
      ],
      "passes": [],
      "failures": [],
      "pending": [],
      "skipped": [],
      "duration": 0,
      "root": true,
      "rootEmpty": true,
      "_timeout": 2000
    }
  ],
  "meta": {
    "mocha": {
      "version": "7.0.1"
    },
    "mochawesome": {
      "options": {
        "quiet": false,
        "reportFilename": "mochawesome",
        "saveHtml": true,
        "saveJson": true,
        "consoleReporter": "spec",
        "useInlineDiffs": false,
        "code": true
      },
      "version": "7.1.3"
    },
    "marge": {
      "options": null,
      "version": "6.2.0"
    }
  }
}